<?xml version="1.0" encoding="UTF-8"?>
<testsuite xmlns:xsi="http://www.w3.org/2001/XMLSchema-instance" xsi:noNamespaceSchemaLocation="https://maven.apache.org/surefire/maven-surefire-plugin/xsd/surefire-test-report.xsd" name="com.whizzcode.application.controller.v1.PokerControllerTest" time="0.956" tests="3" errors="0" skipped="0" failures="0">
  <properties>
    <property name="sun.desktop" value="windows"/>
    <property name="awt.toolkit" value="sun.awt.windows.WToolkit"/>
    <property name="file.encoding.pkg" value="sun.io"/>
    <property name="java.specification.version" value="1.8"/>
    <property name="sun.cpu.isalist" value="amd64"/>
    <property name="sun.jnu.encoding" value="Cp1252"/>
    <property name="java.class.path" value="C:\Users\Christopher\IdeaProjects\poker\application\target\test-classes;C:\Users\Christopher\IdeaProjects\poker\application\target\classes;C:\Users\Christopher\IdeaProjects\poker\business\target\business-1.0.0-SNAPSHOT.jar;C:\Users\Christopher\.m2\repository\org\springframework\boot\spring-boot-starter\2.0.4.RELEASE\spring-boot-starter-2.0.4.RELEASE.jar;C:\Users\Christopher\.m2\repository\org\springframework\boot\spring-boot\2.0.4.RELEASE\spring-boot-2.0.4.RELEASE.jar;C:\Users\Christopher\.m2\repository\org\springframework\boot\spring-boot-autoconfigure\2.0.4.RELEASE\spring-boot-autoconfigure-2.0.4.RELEASE.jar;C:\Users\Christopher\.m2\repository\javax\annotation\javax.annotation-api\1.3.2\javax.annotation-api-1.3.2.jar;C:\Users\Christopher\.m2\repository\org\yaml\snakeyaml\1.19\snakeyaml-1.19.jar;C:\Users\Christopher\IdeaProjects\poker\data\target\data-1.0.0-SNAPSHOT.jar;C:\Users\Christopher\.m2\repository\org\apache\logging\log4j\log4j-api\2.11.0\log4j-api-2.11.0.jar;C:\Users\Christopher\.m2\repository\com\fasterxml\jackson\core\jackson-databind\2.9.5\jackson-databind-2.9.5.jar;C:\Users\Christopher\.m2\repository\com\fasterxml\jackson\core\jackson-annotations\2.9.0\jackson-annotations-2.9.0.jar;C:\Users\Christopher\.m2\repository\com\fasterxml\jackson\core\jackson-core\2.9.6\jackson-core-2.9.6.jar;C:\Users\Christopher\.m2\repository\org\springframework\boot\spring-boot-starter-jooq\2.0.4.RELEASE\spring-boot-starter-jooq-2.0.4.RELEASE.jar;C:\Users\Christopher\.m2\repository\org\springframework\boot\spring-boot-starter-jdbc\2.0.4.RELEASE\spring-boot-starter-jdbc-2.0.4.RELEASE.jar;C:\Users\Christopher\.m2\repository\com\zaxxer\HikariCP\2.7.9\HikariCP-2.7.9.jar;C:\Users\Christopher\.m2\repository\org\springframework\spring-jdbc\5.0.8.RELEASE\spring-jdbc-5.0.8.RELEASE.jar;C:\Users\Christopher\.m2\repository\org\springframework\spring-tx\5.0.8.RELEASE\spring-tx-5.0.8.RELEASE.jar;C:\Users\Christopher\.m2\repository\org\jooq\jooq\3.11.5\jooq-3.11.5.jar;C:\Users\Christopher\.m2\repository\javax\xml\bind\jaxb-api\2.3.0\jaxb-api-2.3.0.jar;C:\Users\Christopher\.m2\repository\com\h2database\h2\1.4.197\h2-1.4.197.jar;C:\Users\Christopher\.m2\repository\org\springframework\boot\spring-boot-starter-web\2.0.4.RELEASE\spring-boot-starter-web-2.0.4.RELEASE.jar;C:\Users\Christopher\.m2\repository\org\springframework\boot\spring-boot-starter-json\2.0.4.RELEASE\spring-boot-starter-json-2.0.4.RELEASE.jar;C:\Users\Christopher\.m2\repository\com\fasterxml\jackson\datatype\jackson-datatype-jdk8\2.9.6\jackson-datatype-jdk8-2.9.6.jar;C:\Users\Christopher\.m2\repository\com\fasterxml\jackson\datatype\jackson-datatype-jsr310\2.9.6\jackson-datatype-jsr310-2.9.6.jar;C:\Users\Christopher\.m2\repository\com\fasterxml\jackson\module\jackson-module-parameter-names\2.9.6\jackson-module-parameter-names-2.9.6.jar;C:\Users\Christopher\.m2\repository\org\springframework\boot\spring-boot-starter-tomcat\2.0.4.RELEASE\spring-boot-starter-tomcat-2.0.4.RELEASE.jar;C:\Users\Christopher\.m2\repository\org\apache\tomcat\embed\tomcat-embed-core\8.5.32\tomcat-embed-core-8.5.32.jar;C:\Users\Christopher\.m2\repository\org\apache\tomcat\embed\tomcat-embed-el\8.5.32\tomcat-embed-el-8.5.32.jar;C:\Users\Christopher\.m2\repository\org\apache\tomcat\embed\tomcat-embed-websocket\8.5.32\tomcat-embed-websocket-8.5.32.jar;C:\Users\Christopher\.m2\repository\org\hibernate\validator\hibernate-validator\6.0.11.Final\hibernate-validator-6.0.11.Final.jar;C:\Users\Christopher\.m2\repository\javax\validation\validation-api\2.0.1.Final\validation-api-2.0.1.Final.jar;C:\Users\Christopher\.m2\repository\org\jboss\logging\jboss-logging\3.3.2.Final\jboss-logging-3.3.2.Final.jar;C:\Users\Christopher\.m2\repository\com\fasterxml\classmate\1.3.4\classmate-1.3.4.jar;C:\Users\Christopher\.m2\repository\org\springframework\spring-web\5.0.8.RELEASE\spring-web-5.0.8.RELEASE.jar;C:\Users\Christopher\.m2\repository\org\springframework\spring-beans\5.0.8.RELEASE\spring-beans-5.0.8.RELEASE.jar;C:\Users\Christopher\.m2\repository\org\springframework\spring-webmvc\5.0.8.RELEASE\spring-webmvc-5.0.8.RELEASE.jar;C:\Users\Christopher\.m2\repository\org\springframework\spring-aop\5.0.8.RELEASE\spring-aop-5.0.8.RELEASE.jar;C:\Users\Christopher\.m2\repository\org\springframework\spring-context\5.0.8.RELEASE\spring-context-5.0.8.RELEASE.jar;C:\Users\Christopher\.m2\repository\org\springframework\spring-expression\5.0.8.RELEASE\spring-expression-5.0.8.RELEASE.jar;C:\Users\Christopher\.m2\repository\org\springframework\boot\spring-boot-starter-actuator\2.0.4.RELEASE\spring-boot-starter-actuator-2.0.4.RELEASE.jar;C:\Users\Christopher\.m2\repository\org\springframework\boot\spring-boot-actuator-autoconfigure\2.0.4.RELEASE\spring-boot-actuator-autoconfigure-2.0.4.RELEASE.jar;C:\Users\Christopher\.m2\repository\org\springframework\boot\spring-boot-actuator\2.0.4.RELEASE\spring-boot-actuator-2.0.4.RELEASE.jar;C:\Users\Christopher\.m2\repository\io\micrometer\micrometer-core\1.0.6\micrometer-core-1.0.6.jar;C:\Users\Christopher\.m2\repository\org\hdrhistogram\HdrHistogram\2.1.10\HdrHistogram-2.1.10.jar;C:\Users\Christopher\.m2\repository\org\latencyutils\LatencyUtils\2.0.3\LatencyUtils-2.0.3.jar;C:\Users\Christopher\.m2\repository\org\springframework\boot\spring-boot-starter-log4j2\2.0.4.RELEASE\spring-boot-starter-log4j2-2.0.4.RELEASE.jar;C:\Users\Christopher\.m2\repository\org\apache\logging\log4j\log4j-slf4j-impl\2.10.0\log4j-slf4j-impl-2.10.0.jar;C:\Users\Christopher\.m2\repository\org\slf4j\slf4j-api\1.7.25\slf4j-api-1.7.25.jar;C:\Users\Christopher\.m2\repository\org\apache\logging\log4j\log4j-core\2.10.0\log4j-core-2.10.0.jar;C:\Users\Christopher\.m2\repository\org\apache\logging\log4j\log4j-jul\2.10.0\log4j-jul-2.10.0.jar;C:\Users\Christopher\.m2\repository\org\slf4j\jul-to-slf4j\1.7.25\jul-to-slf4j-1.7.25.jar;C:\Users\Christopher\.m2\repository\org\springframework\boot\spring-boot-starter-test\2.0.4.RELEASE\spring-boot-starter-test-2.0.4.RELEASE.jar;C:\Users\Christopher\.m2\repository\org\springframework\boot\spring-boot-test\2.0.4.RELEASE\spring-boot-test-2.0.4.RELEASE.jar;C:\Users\Christopher\.m2\repository\org\springframework\boot\spring-boot-test-autoconfigure\2.0.4.RELEASE\spring-boot-test-autoconfigure-2.0.4.RELEASE.jar;C:\Users\Christopher\.m2\repository\com\jayway\jsonpath\json-path\2.4.0\json-path-2.4.0.jar;C:\Users\Christopher\.m2\repository\net\minidev\json-smart\2.3\json-smart-2.3.jar;C:\Users\Christopher\.m2\repository\net\minidev\accessors-smart\1.2\accessors-smart-1.2.jar;C:\Users\Christopher\.m2\repository\org\ow2\asm\asm\5.0.4\asm-5.0.4.jar;C:\Users\Christopher\.m2\repository\junit\junit\4.12\junit-4.12.jar;C:\Users\Christopher\.m2\repository\org\assertj\assertj-core\3.9.1\assertj-core-3.9.1.jar;C:\Users\Christopher\.m2\repository\org\mockito\mockito-core\2.15.0\mockito-core-2.15.0.jar;C:\Users\Christopher\.m2\repository\net\bytebuddy\byte-buddy\1.7.11\byte-buddy-1.7.11.jar;C:\Users\Christopher\.m2\repository\net\bytebuddy\byte-buddy-agent\1.7.11\byte-buddy-agent-1.7.11.jar;C:\Users\Christopher\.m2\repository\org\objenesis\objenesis\2.6\objenesis-2.6.jar;C:\Users\Christopher\.m2\repository\org\hamcrest\hamcrest-core\1.3\hamcrest-core-1.3.jar;C:\Users\Christopher\.m2\repository\org\hamcrest\hamcrest-library\1.3\hamcrest-library-1.3.jar;C:\Users\Christopher\.m2\repository\org\skyscreamer\jsonassert\1.5.0\jsonassert-1.5.0.jar;C:\Users\Christopher\.m2\repository\com\vaadin\external\google\android-json\0.0.20131108.vaadin1\android-json-0.0.20131108.vaadin1.jar;C:\Users\Christopher\.m2\repository\org\springframework\spring-core\5.0.8.RELEASE\spring-core-5.0.8.RELEASE.jar;C:\Users\Christopher\.m2\repository\org\springframework\spring-jcl\5.0.8.RELEASE\spring-jcl-5.0.8.RELEASE.jar;C:\Users\Christopher\.m2\repository\org\springframework\spring-test\5.0.8.RELEASE\spring-test-5.0.8.RELEASE.jar;C:\Users\Christopher\.m2\repository\org\xmlunit\xmlunit-core\2.5.1\xmlunit-core-2.5.1.jar;C:\Users\Christopher\.m2\repository\com\google\truth\truth\0.40\truth-0.40.jar;C:\Users\Christopher\.m2\repository\com\google\guava\guava\23.4-android\guava-23.4-android.jar;C:\Users\Christopher\.m2\repository\com\google\code\findbugs\jsr305\1.3.9\jsr305-1.3.9.jar;C:\Users\Christopher\.m2\repository\com\google\j2objc\j2objc-annotations\1.1\j2objc-annotations-1.1.jar;C:\Users\Christopher\.m2\repository\org\codehaus\mojo\animal-sniffer-annotations\1.14\animal-sniffer-annotations-1.14.jar;C:\Users\Christopher\.m2\repository\com\googlecode\java-diff-utils\diffutils\1.3.0\diffutils-1.3.0.jar;C:\Users\Christopher\.m2\repository\com\google\errorprone\error_prone_annotations\2.1.3\error_prone_annotations-2.1.3.jar;"/>
    <property name="java.vm.vendor" value="Oracle Corporation"/>
    <property name="sun.arch.data.model" value="64"/>
    <property name="user.variant" value=""/>
    <property name="java.vendor.url" value="http://java.oracle.com/"/>
    <property name="user.timezone" value="America/New_York"/>
    <property name="java.vm.specification.version" value="1.8"/>
    <property name="os.name" value="Windows 10"/>
    <property name="user.country" value="US"/>
    <property name="sun.java.launcher" value="SUN_STANDARD"/>
    <property name="sun.boot.library.path" value="C:\Program Files\Java\jdk1.8.0_172\jre\bin"/>
    <property name="sun.java.command" value="C:\Users\CHRIST~1\AppData\Local\Temp\surefire2142465333753658404\surefirebooter5715339772217934978.jar C:\Users\Christopher\AppData\Local\Temp\surefire2142465333753658404 2018-10-10T10-08-25_515-jvmRun1 surefire8421208241291748697tmp surefire_23570334676856799576tmp"/>
    <property name="surefire.test.class.path" value="C:\Users\Christopher\IdeaProjects\poker\application\target\test-classes;C:\Users\Christopher\IdeaProjects\poker\application\target\classes;C:\Users\Christopher\IdeaProjects\poker\business\target\business-1.0.0-SNAPSHOT.jar;C:\Users\Christopher\.m2\repository\org\springframework\boot\spring-boot-starter\2.0.4.RELEASE\spring-boot-starter-2.0.4.RELEASE.jar;C:\Users\Christopher\.m2\repository\org\springframework\boot\spring-boot\2.0.4.RELEASE\spring-boot-2.0.4.RELEASE.jar;C:\Users\Christopher\.m2\repository\org\springframework\boot\spring-boot-autoconfigure\2.0.4.RELEASE\spring-boot-autoconfigure-2.0.4.RELEASE.jar;C:\Users\Christopher\.m2\repository\javax\annotation\javax.annotation-api\1.3.2\javax.annotation-api-1.3.2.jar;C:\Users\Christopher\.m2\repository\org\yaml\snakeyaml\1.19\snakeyaml-1.19.jar;C:\Users\Christopher\IdeaProjects\poker\data\target\data-1.0.0-SNAPSHOT.jar;C:\Users\Christopher\.m2\repository\org\apache\logging\log4j\log4j-api\2.11.0\log4j-api-2.11.0.jar;C:\Users\Christopher\.m2\repository\com\fasterxml\jackson\core\jackson-databind\2.9.5\jackson-databind-2.9.5.jar;C:\Users\Christopher\.m2\repository\com\fasterxml\jackson\core\jackson-annotations\2.9.0\jackson-annotations-2.9.0.jar;C:\Users\Christopher\.m2\repository\com\fasterxml\jackson\core\jackson-core\2.9.6\jackson-core-2.9.6.jar;C:\Users\Christopher\.m2\repository\org\springframework\boot\spring-boot-starter-jooq\2.0.4.RELEASE\spring-boot-starter-jooq-2.0.4.RELEASE.jar;C:\Users\Christopher\.m2\repository\org\springframework\boot\spring-boot-starter-jdbc\2.0.4.RELEASE\spring-boot-starter-jdbc-2.0.4.RELEASE.jar;C:\Users\Christopher\.m2\repository\com\zaxxer\HikariCP\2.7.9\HikariCP-2.7.9.jar;C:\Users\Christopher\.m2\repository\org\springframework\spring-jdbc\5.0.8.RELEASE\spring-jdbc-5.0.8.RELEASE.jar;C:\Users\Christopher\.m2\repository\org\springframework\spring-tx\5.0.8.RELEASE\spring-tx-5.0.8.RELEASE.jar;C:\Users\Christopher\.m2\repository\org\jooq\jooq\3.11.5\jooq-3.11.5.jar;C:\Users\Christopher\.m2\repository\javax\xml\bind\jaxb-api\2.3.0\jaxb-api-2.3.0.jar;C:\Users\Christopher\.m2\repository\com\h2database\h2\1.4.197\h2-1.4.197.jar;C:\Users\Christopher\.m2\repository\org\springframework\boot\spring-boot-starter-web\2.0.4.RELEASE\spring-boot-starter-web-2.0.4.RELEASE.jar;C:\Users\Christopher\.m2\repository\org\springframework\boot\spring-boot-starter-json\2.0.4.RELEASE\spring-boot-starter-json-2.0.4.RELEASE.jar;C:\Users\Christopher\.m2\repository\com\fasterxml\jackson\datatype\jackson-datatype-jdk8\2.9.6\jackson-datatype-jdk8-2.9.6.jar;C:\Users\Christopher\.m2\repository\com\fasterxml\jackson\datatype\jackson-datatype-jsr310\2.9.6\jackson-datatype-jsr310-2.9.6.jar;C:\Users\Christopher\.m2\repository\com\fasterxml\jackson\module\jackson-module-parameter-names\2.9.6\jackson-module-parameter-names-2.9.6.jar;C:\Users\Christopher\.m2\repository\org\springframework\boot\spring-boot-starter-tomcat\2.0.4.RELEASE\spring-boot-starter-tomcat-2.0.4.RELEASE.jar;C:\Users\Christopher\.m2\repository\org\apache\tomcat\embed\tomcat-embed-core\8.5.32\tomcat-embed-core-8.5.32.jar;C:\Users\Christopher\.m2\repository\org\apache\tomcat\embed\tomcat-embed-el\8.5.32\tomcat-embed-el-8.5.32.jar;C:\Users\Christopher\.m2\repository\org\apache\tomcat\embed\tomcat-embed-websocket\8.5.32\tomcat-embed-websocket-8.5.32.jar;C:\Users\Christopher\.m2\repository\org\hibernate\validator\hibernate-validator\6.0.11.Final\hibernate-validator-6.0.11.Final.jar;C:\Users\Christopher\.m2\repository\javax\validation\validation-api\2.0.1.Final\validation-api-2.0.1.Final.jar;C:\Users\Christopher\.m2\repository\org\jboss\logging\jboss-logging\3.3.2.Final\jboss-logging-3.3.2.Final.jar;C:\Users\Christopher\.m2\repository\com\fasterxml\classmate\1.3.4\classmate-1.3.4.jar;C:\Users\Christopher\.m2\repository\org\springframework\spring-web\5.0.8.RELEASE\spring-web-5.0.8.RELEASE.jar;C:\Users\Christopher\.m2\repository\org\springframework\spring-beans\5.0.8.RELEASE\spring-beans-5.0.8.RELEASE.jar;C:\Users\Christopher\.m2\repository\org\springframework\spring-webmvc\5.0.8.RELEASE\spring-webmvc-5.0.8.RELEASE.jar;C:\Users\Christopher\.m2\repository\org\springframework\spring-aop\5.0.8.RELEASE\spring-aop-5.0.8.RELEASE.jar;C:\Users\Christopher\.m2\repository\org\springframework\spring-context\5.0.8.RELEASE\spring-context-5.0.8.RELEASE.jar;C:\Users\Christopher\.m2\repository\org\springframework\spring-expression\5.0.8.RELEASE\spring-expression-5.0.8.RELEASE.jar;C:\Users\Christopher\.m2\repository\org\springframework\boot\spring-boot-starter-actuator\2.0.4.RELEASE\spring-boot-starter-actuator-2.0.4.RELEASE.jar;C:\Users\Christopher\.m2\repository\org\springframework\boot\spring-boot-actuator-autoconfigure\2.0.4.RELEASE\spring-boot-actuator-autoconfigure-2.0.4.RELEASE.jar;C:\Users\Christopher\.m2\repository\org\springframework\boot\spring-boot-actuator\2.0.4.RELEASE\spring-boot-actuator-2.0.4.RELEASE.jar;C:\Users\Christopher\.m2\repository\io\micrometer\micrometer-core\1.0.6\micrometer-core-1.0.6.jar;C:\Users\Christopher\.m2\repository\org\hdrhistogram\HdrHistogram\2.1.10\HdrHistogram-2.1.10.jar;C:\Users\Christopher\.m2\repository\org\latencyutils\LatencyUtils\2.0.3\LatencyUtils-2.0.3.jar;C:\Users\Christopher\.m2\repository\org\springframework\boot\spring-boot-starter-log4j2\2.0.4.RELEASE\spring-boot-starter-log4j2-2.0.4.RELEASE.jar;C:\Users\Christopher\.m2\repository\org\apache\logging\log4j\log4j-slf4j-impl\2.10.0\log4j-slf4j-impl-2.10.0.jar;C:\Users\Christopher\.m2\repository\org\slf4j\slf4j-api\1.7.25\slf4j-api-1.7.25.jar;C:\Users\Christopher\.m2\repository\org\apache\logging\log4j\log4j-core\2.10.0\log4j-core-2.10.0.jar;C:\Users\Christopher\.m2\repository\org\apache\logging\log4j\log4j-jul\2.10.0\log4j-jul-2.10.0.jar;C:\Users\Christopher\.m2\repository\org\slf4j\jul-to-slf4j\1.7.25\jul-to-slf4j-1.7.25.jar;C:\Users\Christopher\.m2\repository\org\springframework\boot\spring-boot-starter-test\2.0.4.RELEASE\spring-boot-starter-test-2.0.4.RELEASE.jar;C:\Users\Christopher\.m2\repository\org\springframework\boot\spring-boot-test\2.0.4.RELEASE\spring-boot-test-2.0.4.RELEASE.jar;C:\Users\Christopher\.m2\repository\org\springframework\boot\spring-boot-test-autoconfigure\2.0.4.RELEASE\spring-boot-test-autoconfigure-2.0.4.RELEASE.jar;C:\Users\Christopher\.m2\repository\com\jayway\jsonpath\json-path\2.4.0\json-path-2.4.0.jar;C:\Users\Christopher\.m2\repository\net\minidev\json-smart\2.3\json-smart-2.3.jar;C:\Users\Christopher\.m2\repository\net\minidev\accessors-smart\1.2\accessors-smart-1.2.jar;C:\Users\Christopher\.m2\repository\org\ow2\asm\asm\5.0.4\asm-5.0.4.jar;C:\Users\Christopher\.m2\repository\junit\junit\4.12\junit-4.12.jar;C:\Users\Christopher\.m2\repository\org\assertj\assertj-core\3.9.1\assertj-core-3.9.1.jar;C:\Users\Christopher\.m2\repository\org\mockito\mockito-core\2.15.0\mockito-core-2.15.0.jar;C:\Users\Christopher\.m2\repository\net\bytebuddy\byte-buddy\1.7.11\byte-buddy-1.7.11.jar;C:\Users\Christopher\.m2\repository\net\bytebuddy\byte-buddy-agent\1.7.11\byte-buddy-agent-1.7.11.jar;C:\Users\Christopher\.m2\repository\org\objenesis\objenesis\2.6\objenesis-2.6.jar;C:\Users\Christopher\.m2\repository\org\hamcrest\hamcrest-core\1.3\hamcrest-core-1.3.jar;C:\Users\Christopher\.m2\repository\org\hamcrest\hamcrest-library\1.3\hamcrest-library-1.3.jar;C:\Users\Christopher\.m2\repository\org\skyscreamer\jsonassert\1.5.0\jsonassert-1.5.0.jar;C:\Users\Christopher\.m2\repository\com\vaadin\external\google\android-json\0.0.20131108.vaadin1\android-json-0.0.20131108.vaadin1.jar;C:\Users\Christopher\.m2\repository\org\springframework\spring-core\5.0.8.RELEASE\spring-core-5.0.8.RELEASE.jar;C:\Users\Christopher\.m2\repository\org\springframework\spring-jcl\5.0.8.RELEASE\spring-jcl-5.0.8.RELEASE.jar;C:\Users\Christopher\.m2\repository\org\springframework\spring-test\5.0.8.RELEASE\spring-test-5.0.8.RELEASE.jar;C:\Users\Christopher\.m2\repository\org\xmlunit\xmlunit-core\2.5.1\xmlunit-core-2.5.1.jar;C:\Users\Christopher\.m2\repository\com\google\truth\truth\0.40\truth-0.40.jar;C:\Users\Christopher\.m2\repository\com\google\guava\guava\23.4-android\guava-23.4-android.jar;C:\Users\Christopher\.m2\repository\com\google\code\findbugs\jsr305\1.3.9\jsr305-1.3.9.jar;C:\Users\Christopher\.m2\repository\com\google\j2objc\j2objc-annotations\1.1\j2objc-annotations-1.1.jar;C:\Users\Christopher\.m2\repository\org\codehaus\mojo\animal-sniffer-annotations\1.14\animal-sniffer-annotations-1.14.jar;C:\Users\Christopher\.m2\repository\com\googlecode\java-diff-utils\diffutils\1.3.0\diffutils-1.3.0.jar;C:\Users\Christopher\.m2\repository\com\google\errorprone\error_prone_annotations\2.1.3\error_prone_annotations-2.1.3.jar;"/>
    <property name="sun.cpu.endian" value="little"/>
    <property name="user.home" value="C:\Users\Christopher"/>
    <property name="user.language" value="en"/>
    <property name="java.specification.vendor" value="Oracle Corporation"/>
    <property name="java.home" value="C:\Program Files\Java\jdk1.8.0_172\jre"/>
    <property name="basedir" value="C:\Users\Christopher\IdeaProjects\poker\application"/>
    <property name="file.separator" value="\"/>
    <property name="line.separator" value="&#10;"/>
    <property name="java.vm.specification.vendor" value="Oracle Corporation"/>
    <property name="java.specification.name" value="Java Platform API Specification"/>
    <property name="java.awt.graphicsenv" value="sun.awt.Win32GraphicsEnvironment"/>
    <property name="surefire.real.class.path" value="C:\Users\CHRIST~1\AppData\Local\Temp\surefire2142465333753658404\surefirebooter5715339772217934978.jar"/>
    <property name="sun.boot.class.path" value="C:\Program Files\Java\jdk1.8.0_172\jre\lib\resources.jar;C:\Program Files\Java\jdk1.8.0_172\jre\lib\rt.jar;C:\Program Files\Java\jdk1.8.0_172\jre\lib\sunrsasign.jar;C:\Program Files\Java\jdk1.8.0_172\jre\lib\jsse.jar;C:\Program Files\Java\jdk1.8.0_172\jre\lib\jce.jar;C:\Program Files\Java\jdk1.8.0_172\jre\lib\charsets.jar;C:\Program Files\Java\jdk1.8.0_172\jre\lib\jfr.jar;C:\Program Files\Java\jdk1.8.0_172\jre\classes"/>
    <property name="user.script" value=""/>
    <property name="sun.management.compiler" value="HotSpot 64-Bit Tiered Compilers"/>
    <property name="java.runtime.version" value="1.8.0_172-b11"/>
    <property name="user.name" value="Christopher"/>
    <property name="path.separator" value=";"/>
    <property name="os.version" value="10.0"/>
    <property name="java.endorsed.dirs" value="C:\Program Files\Java\jdk1.8.0_172\jre\lib\endorsed"/>
    <property name="java.runtime.name" value="Java(TM) SE Runtime Environment"/>
    <property name="file.encoding" value="Cp1252"/>
    <property name="java.vm.name" value="Java HotSpot(TM) 64-Bit Server VM"/>
    <property name="localRepository" value="C:\Users\Christopher\.m2\repository"/>
    <property name="java.vendor.url.bug" value="http://bugreport.sun.com/bugreport/"/>
    <property name="java.io.tmpdir" value="C:\Users\CHRIST~1\AppData\Local\Temp\"/>
    <property name="idea.version" value="2018.2.4"/>
    <property name="java.version" value="1.8.0_172"/>
    <property name="user.dir" value="C:\Users\Christopher\IdeaProjects\poker\application"/>
    <property name="os.arch" value="amd64"/>
    <property name="java.vm.specification.name" value="Java Virtual Machine Specification"/>
    <property name="java.awt.printerjob" value="sun.awt.windows.WPrinterJob"/>
    <property name="sun.os.patch.level" value=""/>
    <property name="java.library.path" value="C:\Program Files\Java\jdk1.8.0_172\jre\bin;C:\WINDOWS\Sun\Java\bin;C:\WINDOWS\system32;C:\WINDOWS;C:\Program Files (x86)\Common Files\Oracle\Java\javapath;C:\Program Files (x86)\Intel\iCLS Client\;C:\Program Files\Intel\iCLS Client\;C:\Windows\system32;C:\Windows;C:\Windows\System32\Wbem;C:\Windows\System32\WindowsPowerShell\v1.0\;C:\Program Files (x86)\Intel\Intel(R) Management Engine Components\DAL;C:\Program Files\Intel\Intel(R) Management Engine Components\DAL;C:\Program Files (x86)\Intel\Intel(R) Management Engine Components\IPT;C:\Program Files\Intel\Intel(R) Management Engine Components\IPT;C:\Program Files (x86)\NVIDIA Corporation\PhysX\Common;C:\WINDOWS\system32;C:\WINDOWS;C:\WINDOWS\System32\Wbem;C:\WINDOWS\System32\WindowsPowerShell\v1.0\;C:\Program Files\nodejs\;C:\Program Files\Git\cmd;C:\PhantomJS\bin;C:\CasperJS\bin;C:\Program Files (x86)\Google\Chrome\Application;;C:\WINDOWS\System32\OpenSSH\;C:\CasperJS\bin\Scripts\;C:\CasperJS\bin\;C:\Users\Christopher\AppData\Local\Microsoft\WindowsApps;C:\Users\Christopher\AppData\Roaming\npm;;."/>
    <property name="java.vm.info" value="mixed mode"/>
    <property name="java.vendor" value="Oracle Corporation"/>
    <property name="java.vm.version" value="25.172-b11"/>
    <property name="java.ext.dirs" value="C:\Program Files\Java\jdk1.8.0_172\jre\lib\ext;C:\WINDOWS\Sun\Java\lib\ext"/>
    <property name="sun.io.unicode.encoding" value="UnicodeLittle"/>
    <property name="java.class.version" value="52.0"/>
  </properties>
  <testcase name="givenValidDeckId_whenDrawCard_thenReturnOkWithDto" classname="com.whizzcode.application.controller.v1.PokerControllerTest" time="0.211"/>
  <testcase name="givenValidDeckId_whenShuffle_thenReturnNoContent" classname="com.whizzcode.application.controller.v1.PokerControllerTest" time="0.001"/>
  <testcase name="givenValidDeckId_whenMakeDeck_thenReturnCreatedWIthDeckId" classname="com.whizzcode.application.controller.v1.PokerControllerTest" time="0"/>
</testsuite>